Command line:
   mooreFSMExampleTB_isim_beh.exe
     -simmode  gui
     -simrunnum  0
     -socket  51580

Mon Jun 01 17:46:42 2015


 Elaboration Time: 0.0468 sec

 Current Memory Usage: 668.783 Meg

 Total Signals          : 14
 Total Nets             : 42
 Total Signal Drivers   : 11
 Total Blocks           : 4
 Total Primitive Blocks : 3
 Total Processes        : 10
 Total Traceable Variables  : 15
 Total Scalar Nets and Variables : 527
Total Line Count : 36
Total Line Count : 36
Total Line Count : 36

 Total Simulation Time: 0.811205 sec

 Current Memory Usage: 668.783 Meg

Mon Jun 01 17:48:58 2015

