Running: C:\Xilinx\14.7\ISE_DS\ISE\bin\nt64\unwrapped\fuse.exe -intstyle ise -incremental -lib secureip -o C:/Users/Jakob Wittmann/Documents/GitHub/atlys_snippets_and_projects/jakobs_stuff/projects/sandkasten000/mooreFSMExampleTB_isim_beh.exe -prj C:/Users/Jakob Wittmann/Documents/GitHub/atlys_snippets_and_projects/jakobs_stuff/projects/sandkasten000/mooreFSMExampleTB_beh.prj work.mooreFSMExampleTB 
ISim P.20131013 (signature 0x7708f090)
Number of CPUs detected in this system: 4
Turning on mult-threading, number of parallel sub-compilation jobs: 8 
Determining compilation order of HDL files
Parsing VHDL file "C:/Users/Jakob Wittmann/Documents/GitHub/atlys_snippets_and_projects/jakobs_stuff/projects/sandkasten000/mooreFSMExample.vhd" into library work
Parsing VHDL file "C:/Users/Jakob Wittmann/Documents/GitHub/atlys_snippets_and_projects/jakobs_stuff/projects/sandkasten000/mooreFSMExampleTB.vhd" into library work
Starting static elaboration
Completed static elaboration
Compiling package standard
Compiling package std_logic_1164
Compiling package numeric_std
Compiling architecture behavioral of entity mooreFSMExample [moorefsmexample_default]
Compiling architecture behavior of entity moorefsmexampletb
Time Resolution for simulation is 1ps.
Waiting for 1 sub-compilation(s) to finish...
Compiled 6 VHDL Units
Built simulation executable C:/Users/Jakob Wittmann/Documents/GitHub/atlys_snippets_and_projects/jakobs_stuff/projects/sandkasten000/mooreFSMExampleTB_isim_beh.exe
Fuse Memory Usage: 35496 KB
Fuse CPU Usage: 483 ms
